#
# A fatal error has been detected by the Java Runtime Environment:
#
#  EXCEPTION_ACCESS_VIOLATION (0xc0000005) at pc=0x00007ffb4766338e, pid=7188, tid=17600
#
# JRE version: Java(TM) SE Runtime Environment 18.9 (11.0.12+8) (build 11.0.12+8-LTS-237)
# Java VM: Java HotSpot(TM) 64-Bit Server VM 18.9 (11.0.12+8-LTS-237, mixed mode, tiered, compressed oops, g1 gc, windows-amd64)
# Problematic frame:
# V  [jvm.dll+0x5d338e]
#
# No core dump will be written. Minidumps are not enabled by default on client versions of Windows
#
# If you would like to submit a bug report, please visit:
#   https://bugreport.java.com/bugreport/crash.jsp
#

---------------  S U M M A R Y ------------

Command Line: -agentlib:jdwp=transport=dt_socket,suspend=y,address=localhost:65011 -ea -Dfile.encoding=Cp1252 org.testng.remote.RemoteTestNG -serport 65010 -protocol json -d C:\Javaworkspace\com.sapient.selenium.training\test-output C:\Users\shaj\AppData\Local\Temp\testng-eclipse-1931684544\testng-customsuite.xml

Host: Intel(R) Core(TM) i7-6600U CPU @ 2.60GHz, 4 cores, 15G,  Windows 10 , 64 bit Build 19041 (10.0.19041.1348)
Time: Tue Dec 14 20:09:18 2021 India Standard Time elapsed time: 14712.728109 seconds (0d 4h 5m 12s)

---------------  T H R E A D  ---------------

Current thread (0x0000021cabe52800):  VMThread "VM Thread" [stack: 0x000000c029100000,0x000000c029200000] [id=17600]

Stack: [0x000000c029100000,0x000000c029200000],  sp=0x000000c0291ff2c0,  free space=1020k
Native frames: (J=compiled Java code, j=interpreted, Vv=VM code, C=native code)
V  [jvm.dll+0x5d338e]
V  [jvm.dll+0x4e3941]
V  [jvm.dll+0x1cc28b]
V  [jvm.dll+0x4e3a53]
V  [jvm.dll+0x756f6c]
V  [jvm.dll+0x7552f7]
V  [jvm.dll+0x755b20]
V  [jvm.dll+0x755e37]
V  [jvm.dll+0x70f064]
V  [jvm.dll+0x616f66]
C  [ucrtbase.dll+0x21bb2]
C  [KERNEL32.DLL+0x17034]
C  [ntdll.dll+0x52651]


siginfo: EXCEPTION_ACCESS_VIOLATION (0xc0000005), reading address 0x00002d0000000138


Register to memory mapping:

RIP=0x00007ffb4766338e jvm.dll
RAX=0x0000021cabe4b1c0 points into unknown readable memory: 0x0000000000000000 | 00 00 00 00 00 00 00 00
RBX=0x0000021cacfda5e0 is pointing into metadata
RCX=0x0000000000000008 is an unknown value
RDX=0x0000000000000002 is an unknown value
RSP=0x000000c0291ff2c0 points into unknown readable memory: 0x0000021cabe52800 | 00 28 e5 ab 1c 02 00 00
RBP=0x0000000701f278d0 is an oop: jdk.internal.loader.ClassLoaders$AppClassLoader 
{0x0000000701f278d0} - klass: 'jdk/internal/loader/ClassLoaders$AppClassLoader'
RSI=0x00002d0000000000 is an unknown value
RDI=0x0000000000000001 is an unknown value
R8 =0x0 is NULL
R9 =0x0 is NULL
R10=0x0 is NULL
R11=0x000000c0291ff300 points into unknown readable memory: 0x0000000701f278d0 | d0 78 f2 01 07 00 00 00
R12=0x00007ffb478a0490 jvm.dll
R13=0x00007ffb47af8c50 jvm.dll
R14=0x0000021cabe52800 points into unknown readable memory: 0x00007ffb4795e868 | 68 e8 95 47 fb 7f 00 00
R15=0x00000000000003d8 is an unknown value


Registers:
RAX=0x0000021cabe4b1c0, RBX=0x0000021cacfda5e0, RCX=0x0000000000000008, RDX=0x0000000000000002
RSP=0x000000c0291ff2c0, RBP=0x0000000701f278d0, RSI=0x00002d0000000000, RDI=0x0000000000000001
R8 =0x0000000000000000, R9 =0x0000000000000000, R10=0x0000000000000000, R11=0x000000c0291ff300
R12=0x00007ffb478a0490, R13=0x00007ffb47af8c50, R14=0x0000021cabe52800, R15=0x00000000000003d8
RIP=0x00007ffb4766338e, EFLAGS=0x0000000000010206

Top of Stack: (sp=0x000000c0291ff2c0)
0x000000c0291ff2c0:   0000021cabe52800 0000021cae162440
0x000000c0291ff2d0:   0000000000000001 00000000000083b0
0x000000c0291ff2e0:   00000000000003d8 0000021cabe52800
0x000000c0291ff2f0:   00007ffb47af8c50 00007ffb478a0490
0x000000c0291ff300:   0000000701f278d0 00007ffb47573941
0x000000c0291ff310:   00007ffb47924358 0000021caba1d190
0x000000c0291ff320:   0000021cabf7bab0 0000000000000001
0x000000c0291ff330:   000000c0291ff428 00007ffb4725c28b
0x000000c0291ff340:   00000008002d1de8 00000007115d82a8
0x000000c0291ff350:   0000021cad22b630 0000000000000000
0x000000c0291ff360:   0000021cab60aa38 00007ffb47573a53
0x000000c0291ff370:   000000c029aff870 0000021cabe52800
0x000000c0291ff380:   000000c029aff870 0000000000000001
0x000000c0291ff390:   0000000000000000 0000000000000000
0x000000c0291ff3a0:   0000021cabe52800 0000021cabe3a2b0
0x000000c0291ff3b0:   0000021cabe37060 0000021cabe37070 

Instructions: (pc=0x00007ffb4766338e)
0x00007ffb4766336e:   8b 15 88 77 49 00 65 48 8b 04 25 58 00 00 00 48
0x00007ffb4766337e:   89 74 24 60 48 8b f1 b9 08 00 00 00 48 8b 04 d0
0x00007ffb4766338e:   83 be 38 01 00 00 00 48 8b 14 08 48 8b aa 78 02
0x00007ffb4766339e:   00 00 4c 8b 75 10 4c 8b 7d 18 4c 8b 65 20 4c 8b 


Stack slot to memory mapping:
stack at sp + 0 slots: 0x0000021cabe52800 points into unknown readable memory: 0x00007ffb4795e868 | 68 e8 95 47 fb 7f 00 00
stack at sp + 1 slots: 0x0000021cae162440 is pointing into metadata
stack at sp + 2 slots: 0x0000000000000001 is an unknown value
stack at sp + 3 slots: 0x00000000000083b0 is an unknown value
stack at sp + 4 slots: 0x00000000000003d8 is an unknown value
stack at sp + 5 slots: 0x0000021cabe52800 points into unknown readable memory: 0x00007ffb4795e868 | 68 e8 95 47 fb 7f 00 00
stack at sp + 6 slots: 0x00007ffb47af8c50 jvm.dll
stack at sp + 7 slots: 0x00007ffb478a0490 jvm.dll

VM_Operation (0x000000c029aff870): RedefineClasses, mode: safepoint, requested by thread 0x0000021cac090800, redefining class handsonexercise.ProgressBar



---------------  P R O C E S S  ---------------

Threads class SMR info:
_java_thread_list=0x0000021caca74ee0, length=17, elements={
0x0000021c8657c000, 0x0000021cabe79800, 0x0000021cabe82800, 0x0000021cabee2800,
0x0000021cabee5000, 0x0000021cabee7000, 0x0000021cabee8000, 0x0000021cabf36000,
0x0000021cabf53000, 0x0000021cac090800, 0x0000021cac093800, 0x0000021cac094800,
0x0000021cac0b4000, 0x0000021cac8e9000, 0x0000021cad2ea800, 0x0000021cad2cc000,
0x0000021cad301800
}

Java Threads: ( => current thread )
  0x0000021c8657c000 JavaThread "main" [_thread_blocked, id=25496, stack(0x000000c028b00000,0x000000c028c00000)]
  0x0000021cabe79800 JavaThread "Reference Handler" daemon [_thread_blocked, id=31068, stack(0x000000c029200000,0x000000c029300000)]
  0x0000021cabe82800 JavaThread "Finalizer" daemon [_thread_blocked, id=19540, stack(0x000000c029300000,0x000000c029400000)]
  0x0000021cabee2800 JavaThread "Signal Dispatcher" daemon [_thread_blocked, id=23024, stack(0x000000c029400000,0x000000c029500000)]
  0x0000021cabee5000 JavaThread "Attach Listener" daemon [_thread_blocked, id=23508, stack(0x000000c029500000,0x000000c029600000)]
  0x0000021cabee7000 JavaThread "Service Thread" daemon [_thread_blocked, id=26240, stack(0x000000c029600000,0x000000c029700000)]
  0x0000021cabee8000 JavaThread "C2 CompilerThread0" daemon [_thread_blocked, id=30220, stack(0x000000c029700000,0x000000c029800000)]
  0x0000021cabf36000 JavaThread "C1 CompilerThread0" daemon [_thread_blocked, id=12832, stack(0x000000c029800000,0x000000c029900000)]
  0x0000021cabf53000 JavaThread "Sweeper thread" daemon [_thread_blocked, id=18740, stack(0x000000c029900000,0x000000c029a00000)]
  0x0000021cac090800 JavaThread "JDWP Transport Listener: dt_socket" daemon [_thread_blocked, id=18536, stack(0x000000c029a00000,0x000000c029b00000)]
  0x0000021cac093800 JavaThread "JDWP Event Helper Thread" daemon [_thread_blocked, id=25848, stack(0x000000c029b00000,0x000000c029c00000)]
  0x0000021cac094800 JavaThread "JDWP Command Reader" daemon [_thread_in_native, id=13736, stack(0x000000c029c00000,0x000000c029d00000)]
  0x0000021cac0b4000 JavaThread "Common-Cleaner" daemon [_thread_blocked, id=12764, stack(0x000000c029e00000,0x000000c029f00000)]
  0x0000021cac8e9000 JavaThread "ReaderThread" [_thread_in_native, id=29372, stack(0x000000c02a100000,0x000000c02a200000)]
  0x0000021cad2ea800 JavaThread "Exec Default Executor" daemon [_thread_in_native, id=10312, stack(0x000000c02a500000,0x000000c02a600000)]
  0x0000021cad2cc000 JavaThread "Exec Stream Pumper" daemon [_thread_in_native, id=19888, stack(0x000000c02a700000,0x000000c02a800000)]
  0x0000021cad301800 JavaThread "Exec Stream Pumper" daemon [_thread_in_native, id=20476, stack(0x000000c02a800000,0x000000c02a900000)]

Other Threads:
=>0x0000021cabe52800 VMThread "VM Thread" [stack: 0x000000c029100000,0x000000c029200000] [id=17600]
  0x0000021cac0ab800 WatcherThread [stack: 0x000000c029d00000,0x000000c029e00000] [id=22300]
  0x0000021c86592000 GCTaskThread "GC Thread#0" [stack: 0x000000c028c00000,0x000000c028d00000] [id=4988]
  0x0000021cacde6000 GCTaskThread "GC Thread#1" [stack: 0x000000c029f00000,0x000000c02a000000] [id=28364]
  0x0000021cacde9000 GCTaskThread "GC Thread#2" [stack: 0x000000c02a200000,0x000000c02a300000] [id=21528]
  0x0000021cacded800 GCTaskThread "GC Thread#3" [stack: 0x000000c02a300000,0x000000c02a400000] [id=28868]
  0x0000021c865ed000 ConcurrentGCThread "G1 Main Marker" [stack: 0x000000c028d00000,0x000000c028e00000] [id=9920]
  0x0000021c865f3800 ConcurrentGCThread "G1 Conc#0" [stack: 0x000000c028e00000,0x000000c028f00000] [id=31128]
  0x0000021cab4b6800 ConcurrentGCThread "G1 Refine#0" [stack: 0x000000c028f00000,0x000000c029000000] [id=16104]
  0x0000021cab4b7800 ConcurrentGCThread "G1 Young RemSet Sampling" [stack: 0x000000c029000000,0x000000c029100000] [id=23256]

Threads with active compile tasks:

VM state:at safepoint (normal execution)

VM Mutex/Monitor currently owned by a thread:  ([mutex/lock_event])
[0x0000021c86577f70] Threads_lock - owner thread: 0x0000021cabe52800

Heap address: 0x0000000701e00000, size: 4066 MB, Compressed Oops mode: Zero based, Oop shift amount: 3
Narrow klass base: 0x0000000800000000, Narrow klass shift: 0
Compressed class space size: 1073741824 Address: 0x0000000800000000

Heap:
 garbage-first heap   total 262144K, used 18075K [0x0000000701e00000, 0x0000000800000000)
  region size 1024K, 16 young (16384K), 3 survivors (3072K)
 Metaspace       used 23749K, capacity 24477K, committed 24624K, reserved 1071104K
  class space    used 2603K, capacity 2886K, committed 2944K, reserved 1048576K
Heap Regions: E=young(eden), S=young(survivor), O=old, HS=humongous(starts), HC=humongous(continues), CS=collection set, F=free, A=archive, TAMS=top-at-mark-start (previous, next)
|   0|0x0000000701e00000, 0x0000000701f00000, 0x0000000701f00000|100%| O|  |TAMS 0x0000000701f00000, 0x0000000701e00000| Untracked 
|   1|0x0000000701f00000, 0x0000000702000000, 0x0000000702000000|100%| O|  |TAMS 0x0000000702000000, 0x0000000701f00000| Untracked 
|   2|0x0000000702000000, 0x0000000702100000, 0x0000000702100000|100%| O|  |TAMS 0x0000000702100000, 0x0000000702000000| Untracked 
|   3|0x0000000702100000, 0x0000000702119e00, 0x0000000702200000| 10%| O|  |TAMS 0x0000000702119e00, 0x0000000702100000| Untracked 
|   4|0x0000000702200000, 0x0000000702200000, 0x0000000702300000|  0%| F|  |TAMS 0x0000000702200000, 0x0000000702200000| Untracked 
|   5|0x0000000702300000, 0x0000000702300000, 0x0000000702400000|  0%| F|  |TAMS 0x0000000702300000, 0x0000000702300000| Untracked 
|   6|0x0000000702400000, 0x0000000702400000, 0x0000000702500000|  0%| F|  |TAMS 0x0000000702400000, 0x0000000702400000| Untracked 
|   7|0x0000000702500000, 0x0000000702500000, 0x0000000702600000|  0%| F|  |TAMS 0x0000000702500000, 0x0000000702500000| Untracked 
|   8|0x0000000702600000, 0x0000000702600000, 0x0000000702700000|  0%| F|  |TAMS 0x0000000702600000, 0x0000000702600000| Untracked 
|   9|0x0000000702700000, 0x0000000702700000, 0x0000000702800000|  0%| F|  |TAMS 0x0000000702700000, 0x0000000702700000| Untracked 
|  10|0x0000000702800000, 0x0000000702800000, 0x0000000702900000|  0%| F|  |TAMS 0x0000000702800000, 0x0000000702800000| Untracked 
|  11|0x0000000702900000, 0x0000000702900000, 0x0000000702a00000|  0%| F|  |TAMS 0x0000000702900000, 0x0000000702900000| Untracked 
|  12|0x0000000702a00000, 0x0000000702a00000, 0x0000000702b00000|  0%| F|  |TAMS 0x0000000702a00000, 0x0000000702a00000| Untracked 
|  13|0x0000000702b00000, 0x0000000702b00000, 0x0000000702c00000|  0%| F|  |TAMS 0x0000000702b00000, 0x0000000702b00000| Untracked 
|  14|0x0000000702c00000, 0x0000000702c00000, 0x0000000702d00000|  0%| F|  |TAMS 0x0000000702c00000, 0x0000000702c00000| Untracked 
|  15|0x0000000702d00000, 0x0000000702d00000, 0x0000000702e00000|  0%| F|  |TAMS 0x0000000702d00000, 0x0000000702d00000| Untracked 
|  16|0x0000000702e00000, 0x0000000702e00000, 0x0000000702f00000|  0%| F|  |TAMS 0x0000000702e00000, 0x0000000702e00000| Untracked 
|  17|0x0000000702f00000, 0x0000000702f00000, 0x0000000703000000|  0%| F|  |TAMS 0x0000000702f00000, 0x0000000702f00000| Untracked 
|  18|0x0000000703000000, 0x0000000703000000, 0x0000000703100000|  0%| F|  |TAMS 0x0000000703000000, 0x0000000703000000| Untracked 
|  19|0x0000000703100000, 0x0000000703100000, 0x0000000703200000|  0%| F|  |TAMS 0x0000000703100000, 0x0000000703100000| Untracked 
|  20|0x0000000703200000, 0x0000000703200000, 0x0000000703300000|  0%| F|  |TAMS 0x0000000703200000, 0x0000000703200000| Untracked 
|  21|0x0000000703300000, 0x0000000703300000, 0x0000000703400000|  0%| F|  |TAMS 0x0000000703300000, 0x0000000703300000| Untracked 
|  22|0x0000000703400000, 0x0000000703400000, 0x0000000703500000|  0%| F|  |TAMS 0x0000000703400000, 0x0000000703400000| Untracked 
|  23|0x0000000703500000, 0x0000000703500000, 0x0000000703600000|  0%| F|  |TAMS 0x0000000703500000, 0x0000000703500000| Untracked 
|  24|0x0000000703600000, 0x0000000703600000, 0x0000000703700000|  0%| F|  |TAMS 0x0000000703600000, 0x0000000703600000| Untracked 
|  25|0x0000000703700000, 0x0000000703700000, 0x0000000703800000|  0%| F|  |TAMS 0x0000000703700000, 0x0000000703700000| Untracked 
|  26|0x0000000703800000, 0x0000000703800000, 0x0000000703900000|  0%| F|  |TAMS 0x0000000703800000, 0x0000000703800000| Untracked 
|  27|0x0000000703900000, 0x0000000703900000, 0x0000000703a00000|  0%| F|  |TAMS 0x0000000703900000, 0x0000000703900000| Untracked 
|  28|0x0000000703a00000, 0x0000000703a00000, 0x0000000703b00000|  0%| F|  |TAMS 0x0000000703a00000, 0x0000000703a00000| Untracked 
|  29|0x0000000703b00000, 0x0000000703b00000, 0x0000000703c00000|  0%| F|  |TAMS 0x0000000703b00000, 0x0000000703b00000| Untracked 
|  30|0x0000000703c00000, 0x0000000703c00000, 0x0000000703d00000|  0%| F|  |TAMS 0x0000000703c00000, 0x0000000703c00000| Untracked 
|  31|0x0000000703d00000, 0x0000000703d00000, 0x0000000703e00000|  0%| F|  |TAMS 0x0000000703d00000, 0x0000000703d00000| Untracked 
|  32|0x0000000703e00000, 0x0000000703e00000, 0x0000000703f00000|  0%| F|  |TAMS 0x0000000703e00000, 0x0000000703e00000| Untracked 
|  33|0x0000000703f00000, 0x0000000703f00000, 0x0000000704000000|  0%| F|  |TAMS 0x0000000703f00000, 0x0000000703f00000| Untracked 
|  34|0x0000000704000000, 0x0000000704000000, 0x0000000704100000|  0%| F|  |TAMS 0x0000000704000000, 0x0000000704000000| Untracked 
|  35|0x0000000704100000, 0x0000000704100000, 0x0000000704200000|  0%| F|  |TAMS 0x0000000704100000, 0x0000000704100000| Untracked 
|  36|0x0000000704200000, 0x0000000704200000, 0x0000000704300000|  0%| F|  |TAMS 0x0000000704200000, 0x0000000704200000| Untracked 
|  37|0x0000000704300000, 0x0000000704300000, 0x0000000704400000|  0%| F|  |TAMS 0x0000000704300000, 0x0000000704300000| Untracked 
|  38|0x0000000704400000, 0x0000000704400000, 0x0000000704500000|  0%| F|  |TAMS 0x0000000704400000, 0x0000000704400000| Untracked 
|  39|0x0000000704500000, 0x0000000704500000, 0x0000000704600000|  0%| F|  |TAMS 0x0000000704500000, 0x0000000704500000| Untracked 
|  40|0x0000000704600000, 0x0000000704600000, 0x0000000704700000|  0%| F|  |TAMS 0x0000000704600000, 0x0000000704600000| Untracked 
|  41|0x0000000704700000, 0x0000000704700000, 0x0000000704800000|  0%| F|  |TAMS 0x0000000704700000, 0x0000000704700000| Untracked 
|  42|0x0000000704800000, 0x0000000704800000, 0x0000000704900000|  0%| F|  |TAMS 0x0000000704800000, 0x0000000704800000| Untracked 
|  43|0x0000000704900000, 0x0000000704900000, 0x0000000704a00000|  0%| F|  |TAMS 0x0000000704900000, 0x0000000704900000| Untracked 
|  44|0x0000000704a00000, 0x0000000704a00000, 0x0000000704b00000|  0%| F|  |TAMS 0x0000000704a00000, 0x0000000704a00000| Untracked 
|  45|0x0000000704b00000, 0x0000000704b00000, 0x0000000704c00000|  0%| F|  |TAMS 0x0000000704b00000, 0x0000000704b00000| Untracked 
|  46|0x0000000704c00000, 0x0000000704c00000, 0x0000000704d00000|  0%| F|  |TAMS 0x0000000704c00000, 0x0000000704c00000| Untracked 
|  47|0x0000000704d00000, 0x0000000704d00000, 0x0000000704e00000|  0%| F|  |TAMS 0x0000000704d00000, 0x0000000704d00000| Untracked 
|  48|0x0000000704e00000, 0x0000000704e00000, 0x0000000704f00000|  0%| F|  |TAMS 0x0000000704e00000, 0x0000000704e00000| Untracked 
|  49|0x0000000704f00000, 0x0000000704f00000, 0x0000000705000000|  0%| F|  |TAMS 0x0000000704f00000, 0x0000000704f00000| Untracked 
|  50|0x0000000705000000, 0x0000000705000000, 0x0000000705100000|  0%| F|  |TAMS 0x0000000705000000, 0x0000000705000000| Untracked 
|  51|0x0000000705100000, 0x0000000705100000, 0x0000000705200000|  0%| F|  |TAMS 0x0000000705100000, 0x0000000705100000| Untracked 
|  52|0x0000000705200000, 0x0000000705200000, 0x0000000705300000|  0%| F|  |TAMS 0x0000000705200000, 0x0000000705200000| Untracked 
|  53|0x0000000705300000, 0x0000000705300000, 0x0000000705400000|  0%| F|  |TAMS 0x0000000705300000, 0x0000000705300000| Untracked 
|  54|0x0000000705400000, 0x0000000705400000, 0x0000000705500000|  0%| F|  |TAMS 0x0000000705400000, 0x0000000705400000| Untracked 
|  55|0x0000000705500000, 0x0000000705500000, 0x0000000705600000|  0%| F|  |TAMS 0x0000000705500000, 0x0000000705500000| Untracked 
|  56|0x0000000705600000, 0x0000000705600000, 0x0000000705700000|  0%| F|  |TAMS 0x0000000705600000, 0x0000000705600000| Untracked 
|  57|0x0000000705700000, 0x0000000705700000, 0x0000000705800000|  0%| F|  |TAMS 0x0000000705700000, 0x0000000705700000| Untracked 
|  58|0x0000000705800000, 0x0000000705800000, 0x0000000705900000|  0%| F|  |TAMS 0x0000000705800000, 0x0000000705800000| Untracked 
|  59|0x0000000705900000, 0x0000000705900000, 0x0000000705a00000|  0%| F|  |TAMS 0x0000000705900000, 0x0000000705900000| Untracked 
|  60|0x0000000705a00000, 0x0000000705a00000, 0x0000000705b00000|  0%| F|  |TAMS 0x0000000705a00000, 0x0000000705a00000| Untracked 
|  61|0x0000000705b00000, 0x0000000705b00000, 0x0000000705c00000|  0%| F|  |TAMS 0x0000000705b00000, 0x0000000705b00000| Untracked 
|  62|0x0000000705c00000, 0x0000000705c00000, 0x0000000705d00000|  0%| F|  |TAMS 0x0000000705c00000, 0x0000000705c00000| Untracked 
|  63|0x0000000705d00000, 0x0000000705d00000, 0x0000000705e00000|  0%| F|  |TAMS 0x0000000705d00000, 0x0000000705d00000| Untracked 
|  64|0x0000000705e00000, 0x0000000705e00000, 0x0000000705f00000|  0%| F|  |TAMS 0x0000000705e00000, 0x0000000705e00000| Untracked 
|  65|0x0000000705f00000, 0x0000000705f00000, 0x0000000706000000|  0%| F|  |TAMS 0x0000000705f00000, 0x0000000705f00000| Untracked 
|  66|0x0000000706000000, 0x0000000706000000, 0x0000000706100000|  0%| F|  |TAMS 0x0000000706000000, 0x0000000706000000| Untracked 
|  67|0x0000000706100000, 0x0000000706100000, 0x0000000706200000|  0%| F|  |TAMS 0x0000000706100000, 0x0000000706100000| Untracked 
|  68|0x0000000706200000, 0x0000000706200000, 0x0000000706300000|  0%| F|  |TAMS 0x0000000706200000, 0x0000000706200000| Untracked 
|  69|0x0000000706300000, 0x0000000706300000, 0x0000000706400000|  0%| F|  |TAMS 0x0000000706300000, 0x0000000706300000| Untracked 
|  70|0x0000000706400000, 0x0000000706400000, 0x0000000706500000|  0%| F|  |TAMS 0x0000000706400000, 0x0000000706400000| Untracked 
|  71|0x0000000706500000, 0x0000000706500000, 0x0000000706600000|  0%| F|  |TAMS 0x0000000706500000, 0x0000000706500000| Untracked 
|  72|0x0000000706600000, 0x0000000706600000, 0x0000000706700000|  0%| F|  |TAMS 0x0000000706600000, 0x0000000706600000| Untracked 
|  73|0x0000000706700000, 0x0000000706700000, 0x0000000706800000|  0%| F|  |TAMS 0x0000000706700000, 0x0000000706700000| Untracked 
|  74|0x0000000706800000, 0x0000000706800000, 0x0000000706900000|  0%| F|  |TAMS 0x0000000706800000, 0x0000000706800000| Untracked 
|  75|0x0000000706900000, 0x0000000706900000, 0x0000000706a00000|  0%| F|  |TAMS 0x0000000706900000, 0x0000000706900000| Untracked 
|  76|0x0000000706a00000, 0x0000000706a00000, 0x0000000706b00000|  0%| F|  |TAMS 0x0000000706a00000, 0x0000000706a00000| Untracked 
|  77|0x0000000706b00000, 0x0000000706b00000, 0x0000000706c00000|  0%| F|  |TAMS 0x0000000706b00000, 0x0000000706b00000| Untracked 
|  78|0x0000000706c00000, 0x0000000706c00000, 0x0000000706d00000|  0%| F|  |TAMS 0x0000000706c00000, 0x0000000706c00000| Untracked 
|  79|0x0000000706d00000, 0x0000000706d00000, 0x0000000706e00000|  0%| F|  |TAMS 0x0000000706d00000, 0x0000000706d00000| Untracked 
|  80|0x0000000706e00000, 0x0000000706e00000, 0x0000000706f00000|  0%| F|  |TAMS 0x0000000706e00000, 0x0000000706e00000| Untracked 
|  81|0x0000000706f00000, 0x0000000706f00000, 0x0000000707000000|  0%| F|  |TAMS 0x0000000706f00000, 0x0000000706f00000| Untracked 
|  82|0x0000000707000000, 0x0000000707000000, 0x0000000707100000|  0%| F|  |TAMS 0x0000000707000000, 0x0000000707000000| Untracked 
|  83|0x0000000707100000, 0x0000000707100000, 0x0000000707200000|  0%| F|  |TAMS 0x0000000707100000, 0x0000000707100000| Untracked 
|  84|0x0000000707200000, 0x0000000707200000, 0x0000000707300000|  0%| F|  |TAMS 0x0000000707200000, 0x0000000707200000| Untracked 
|  85|0x0000000707300000, 0x0000000707300000, 0x0000000707400000|  0%| F|  |TAMS 0x0000000707300000, 0x0000000707300000| Untracked 
|  86|0x0000000707400000, 0x0000000707400000, 0x0000000707500000|  0%| F|  |TAMS 0x0000000707400000, 0x0000000707400000| Untracked 
|  87|0x0000000707500000, 0x0000000707500000, 0x0000000707600000|  0%| F|  |TAMS 0x0000000707500000, 0x0000000707500000| Untracked 
|  88|0x0000000707600000, 0x0000000707600000, 0x0000000707700000|  0%| F|  |TAMS 0x0000000707600000, 0x0000000707600000| Untracked 
|  89|0x0000000707700000, 0x0000000707700000, 0x0000000707800000|  0%| F|  |TAMS 0x0000000707700000, 0x0000000707700000| Untracked 
|  90|0x0000000707800000, 0x0000000707800000, 0x0000000707900000|  0%| F|  |TAMS 0x0000000707800000, 0x0000000707800000| Untracked 
|  91|0x0000000707900000, 0x0000000707900000, 0x0000000707a00000|  0%| F|  |TAMS 0x0000000707900000, 0x0000000707900000| Untracked 
|  92|0x0000000707a00000, 0x0000000707a00000, 0x0000000707b00000|  0%| F|  |TAMS 0x0000000707a00000, 0x0000000707a00000| Untracked 
|  93|0x0000000707b00000, 0x0000000707b00000, 0x0000000707c00000|  0%| F|  |TAMS 0x0000000707b00000, 0x0000000707b00000| Untracked 
|  94|0x0000000707c00000, 0x0000000707c00000, 0x0000000707d00000|  0%| F|  |TAMS 0x0000000707c00000, 0x0000000707c00000| Untracked 
|  95|0x0000000707d00000, 0x0000000707d00000, 0x0000000707e00000|  0%| F|  |TAMS 0x0000000707d00000, 0x0000000707d00000| Untracked 
|  96|0x0000000707e00000, 0x0000000707e00000, 0x0000000707f00000|  0%| F|  |TAMS 0x0000000707e00000, 0x0000000707e00000| Untracked 
|  97|0x0000000707f00000, 0x0000000707f00000, 0x0000000708000000|  0%| F|  |TAMS 0x0000000707f00000, 0x0000000707f00000| Untracked 
|  98|0x0000000708000000, 0x0000000708000000, 0x0000000708100000|  0%| F|  |TAMS 0x0000000708000000, 0x0000000708000000| Untracked 
|  99|0x0000000708100000, 0x0000000708100000, 0x0000000708200000|  0%| F|  |TAMS 0x0000000708100000, 0x0000000708100000| Untracked 
| 100|0x0000000708200000, 0x0000000708200000, 0x0000000708300000|  0%| F|  |TAMS 0x0000000708200000, 0x0000000708200000| Untracked 
| 101|0x0000000708300000, 0x0000000708300000, 0x0000000708400000|  0%| F|  |TAMS 0x0000000708300000, 0x0000000708300000| Untracked 
| 102|0x0000000708400000, 0x0000000708400000, 0x0000000708500000|  0%| F|  |TAMS 0x0000000708400000, 0x0000000708400000| Untracked 
| 103|0x0000000708500000, 0x0000000708500000, 0x0000000708600000|  0%| F|  |TAMS 0x0000000708500000, 0x0000000708500000| Untracked 
| 104|0x0000000708600000, 0x0000000708600000, 0x0000000708700000|  0%| F|  |TAMS 0x0000000708600000, 0x0000000708600000| Untracked 
| 105|0x0000000708700000, 0x0000000708700000, 0x0000000708800000|  0%| F|  |TAMS 0x0000000708700000, 0x0000000708700000| Untracked 
| 106|0x0000000708800000, 0x0000000708800000, 0x0000000708900000|  0%| F|  |TAMS 0x0000000708800000, 0x0000000708800000| Untracked 
| 107|0x0000000708900000, 0x0000000708900000, 0x0000000708a00000|  0%| F|  |TAMS 0x0000000708900000, 0x0000000708900000| Untracked 
| 108|0x0000000708a00000, 0x0000000708a00000, 0x0000000708b00000|  0%| F|  |TAMS 0x0000000708a00000, 0x0000000708a00000| Untracked 
| 109|0x0000000708b00000, 0x0000000708b00000, 0x0000000708c00000|  0%| F|  |TAMS 0x0000000708b00000, 0x0000000708b00000| Untracked 
| 110|0x0000000708c00000, 0x0000000708c00000, 0x0000000708d00000|  0%| F|  |TAMS 0x0000000708c00000, 0x0000000708c00000| Untracked 
| 111|0x0000000708d00000, 0x0000000708d00000, 0x0000000708e00000|  0%| F|  |TAMS 0x0000000708d00000, 0x0000000708d00000| Untracked 
| 112|0x0000000708e00000, 0x0000000708e00000, 0x0000000708f00000|  0%| F|  |TAMS 0x0000000708e00000, 0x0000000708e00000| Untracked 
| 113|0x0000000708f00000, 0x0000000708f00000, 0x0000000709000000|  0%| F|  |TAMS 0x0000000708f00000, 0x0000000708f00000| Untracked 
| 114|0x0000000709000000, 0x0000000709000000, 0x0000000709100000|  0%| F|  |TAMS 0x0000000709000000, 0x0000000709000000| Untracked 
| 115|0x0000000709100000, 0x0000000709100000, 0x0000000709200000|  0%| F|  |TAMS 0x0000000709100000, 0x0000000709100000| Untracked 
| 116|0x0000000709200000, 0x0000000709200000, 0x0000000709300000|  0%| F|  |TAMS 0x0000000709200000, 0x0000000709200000| Untracked 
| 117|0x0000000709300000, 0x0000000709300000, 0x0000000709400000|  0%| F|  |TAMS 0x0000000709300000, 0x0000000709300000| Untracked 
| 118|0x0000000709400000, 0x0000000709400000, 0x0000000709500000|  0%| F|  |TAMS 0x0000000709400000, 0x0000000709400000| Untracked 
| 119|0x0000000709500000, 0x0000000709500000, 0x0000000709600000|  0%| F|  |TAMS 0x0000000709500000, 0x0000000709500000| Untracked 
| 120|0x0000000709600000, 0x0000000709600000, 0x0000000709700000|  0%| F|  |TAMS 0x0000000709600000, 0x0000000709600000| Untracked 
| 121|0x0000000709700000, 0x0000000709700000, 0x0000000709800000|  0%| F|  |TAMS 0x0000000709700000, 0x0000000709700000| Untracked 
| 122|0x0000000709800000, 0x0000000709800000, 0x0000000709900000|  0%| F|  |TAMS 0x0000000709800000, 0x0000000709800000| Untracked 
| 123|0x0000000709900000, 0x0000000709900000, 0x0000000709a00000|  0%| F|  |TAMS 0x0000000709900000, 0x0000000709900000| Untracked 
| 124|0x0000000709a00000, 0x0000000709a00000, 0x0000000709b00000|  0%| F|  |TAMS 0x0000000709a00000, 0x0000000709a00000| Untracked 
| 125|0x0000000709b00000, 0x0000000709b00000, 0x0000000709c00000|  0%| F|  |TAMS 0x0000000709b00000, 0x0000000709b00000| Untracked 
| 126|0x0000000709c00000, 0x0000000709c00000, 0x0000000709d00000|  0%| F|  |TAMS 0x0000000709c00000, 0x0000000709c00000| Untracked 
| 127|0x0000000709d00000, 0x0000000709d00000, 0x0000000709e00000|  0%| F|  |TAMS 0x0000000709d00000, 0x0000000709d00000| Untracked 
| 128|0x0000000709e00000, 0x0000000709e00000, 0x0000000709f00000|  0%| F|  |TAMS 0x0000000709e00000, 0x0000000709e00000| Untracked 
| 129|0x0000000709f00000, 0x0000000709f00000, 0x000000070a000000|  0%| F|  |TAMS 0x0000000709f00000, 0x0000000709f00000| Untracked 
| 130|0x000000070a000000, 0x000000070a000000, 0x000000070a100000|  0%| F|  |TAMS 0x000000070a000000, 0x000000070a000000| Untracked 
| 131|0x000000070a100000, 0x000000070a100000, 0x000000070a200000|  0%| F|  |TAMS 0x000000070a100000, 0x000000070a100000| Untracked 
| 132|0x000000070a200000, 0x000000070a200000, 0x000000070a300000|  0%| F|  |TAMS 0x000000070a200000, 0x000000070a200000| Untracked 
| 133|0x000000070a300000, 0x000000070a300000, 0x000000070a400000|  0%| F|  |TAMS 0x000000070a300000, 0x000000070a300000| Untracked 
| 134|0x000000070a400000, 0x000000070a400000, 0x000000070a500000|  0%| F|  |TAMS 0x000000070a400000, 0x000000070a400000| Untracked 
| 135|0x000000070a500000, 0x000000070a500000, 0x000000070a600000|  0%| F|  |TAMS 0x000000070a500000, 0x000000070a500000| Untracked 
| 136|0x000000070a600000, 0x000000070a600000, 0x000000070a700000|  0%| F|  |TAMS 0x000000070a600000, 0x000000070a600000| Untracked 
| 137|0x000000070a700000, 0x000000070a700000, 0x000000070a800000|  0%| F|  |TAMS 0x000000070a700000, 0x000000070a700000| Untracked 
| 138|0x000000070a800000, 0x000000070a800000, 0x000000070a900000|  0%| F|  |TAMS 0x000000070a800000, 0x000000070a800000| Untracked 
| 139|0x000000070a900000, 0x000000070a900000, 0x000000070aa00000|  0%| F|  |TAMS 0x000000070a900000, 0x000000070a900000| Untracked 
| 140|0x000000070aa00000, 0x000000070aa00000, 0x000000070ab00000|  0%| F|  |TAMS 0x000000070aa00000, 0x000000070aa00000| Untracked 
| 141|0x000000070ab00000, 0x000000070ab00000, 0x000000070ac00000|  0%| F|  |TAMS 0x000000070ab00000, 0x000000070ab00000| Untracked 
| 142|0x000000070ac00000, 0x000000070ac00000, 0x000000070ad00000|  0%| F|  |TAMS 0x000000070ac00000, 0x000000070ac00000| Untracked 
| 143|0x000000070ad00000, 0x000000070ad00000, 0x000000070ae00000|  0%| F|  |TAMS 0x000000070ad00000, 0x000000070ad00000| Untracked 
| 144|0x000000070ae00000, 0x000000070ae00000, 0x000000070af00000|  0%| F|  |TAMS 0x000000070ae00000, 0x000000070ae00000| Untracked 
| 145|0x000000070af00000, 0x000000070af00000, 0x000000070b000000|  0%| F|  |TAMS 0x000000070af00000, 0x000000070af00000| Untracked 
| 146|0x000000070b000000, 0x000000070b000000, 0x000000070b100000|  0%| F|  |TAMS 0x000000070b000000, 0x000000070b000000| Untracked 
| 147|0x000000070b100000, 0x000000070b100000, 0x000000070b200000|  0%| F|  |TAMS 0x000000070b100000, 0x000000070b100000| Untracked 
| 148|0x000000070b200000, 0x000000070b200000, 0x000000070b300000|  0%| F|  |TAMS 0x000000070b200000, 0x000000070b200000| Untracked 
| 149|0x000000070b300000, 0x000000070b300000, 0x000000070b400000|  0%| F|  |TAMS 0x000000070b300000, 0x000000070b300000| Untracked 
| 150|0x000000070b400000, 0x000000070b400000, 0x000000070b500000|  0%| F|  |TAMS 0x000000070b400000, 0x000000070b400000| Untracked 
| 151|0x000000070b500000, 0x000000070b500000, 0x000000070b600000|  0%| F|  |TAMS 0x000000070b500000, 0x000000070b500000| Untracked 
| 152|0x000000070b600000, 0x000000070b600000, 0x000000070b700000|  0%| F|  |TAMS 0x000000070b600000, 0x000000070b600000| Untracked 
| 153|0x000000070b700000, 0x000000070b700000, 0x000000070b800000|  0%| F|  |TAMS 0x000000070b700000, 0x000000070b700000| Untracked 
| 154|0x000000070b800000, 0x000000070b800000, 0x000000070b900000|  0%| F|  |TAMS 0x000000070b800000, 0x000000070b800000| Untracked 
| 155|0x000000070b900000, 0x000000070b900000, 0x000000070ba00000|  0%| F|  |TAMS 0x000000070b900000, 0x000000070b900000| Untracked 
| 156|0x000000070ba00000, 0x000000070ba00000, 0x000000070bb00000|  0%| F|  |TAMS 0x000000070ba00000, 0x000000070ba00000| Untracked 
| 157|0x000000070bb00000, 0x000000070bb00000, 0x000000070bc00000|  0%| F|  |TAMS 0x000000070bb00000, 0x000000070bb00000| Untracked 
| 158|0x000000070bc00000, 0x000000070bc00000, 0x000000070bd00000|  0%| F|  |TAMS 0x000000070bc00000, 0x000000070bc00000| Untracked 
| 159|0x000000070bd00000, 0x000000070bd00000, 0x000000070be00000|  0%| F|  |TAMS 0x000000070bd00000, 0x000000070bd00000| Untracked 
| 160|0x000000070be00000, 0x000000070be00000, 0x000000070bf00000|  0%| F|  |TAMS 0x000000070be00000, 0x000000070be00000| Untracked 
| 161|0x000000070bf00000, 0x000000070bf00000, 0x000000070c000000|  0%| F|  |TAMS 0x000000070bf00000, 0x000000070bf00000| Untracked 
| 162|0x000000070c000000, 0x000000070c000000, 0x000000070c100000|  0%| F|  |TAMS 0x000000070c000000, 0x000000070c000000| Untracked 
| 163|0x000000070c100000, 0x000000070c100000, 0x000000070c200000|  0%| F|  |TAMS 0x000000070c100000, 0x000000070c100000| Untracked 
| 164|0x000000070c200000, 0x000000070c200000, 0x000000070c300000|  0%| F|  |TAMS 0x000000070c200000, 0x000000070c200000| Untracked 
| 165|0x000000070c300000, 0x000000070c300000, 0x000000070c400000|  0%| F|  |TAMS 0x000000070c300000, 0x000000070c300000| Untracked 
| 166|0x000000070c400000, 0x000000070c400000, 0x000000070c500000|  0%| F|  |TAMS 0x000000070c400000, 0x000000070c400000| Untracked 
| 167|0x000000070c500000, 0x000000070c500000, 0x000000070c600000|  0%| F|  |TAMS 0x000000070c500000, 0x000000070c500000| Untracked 
| 168|0x000000070c600000, 0x000000070c600000, 0x000000070c700000|  0%| F|  |TAMS 0x000000070c600000, 0x000000070c600000| Untracked 
| 169|0x000000070c700000, 0x000000070c700000, 0x000000070c800000|  0%| F|  |TAMS 0x000000070c700000, 0x000000070c700000| Untracked 
| 170|0x000000070c800000, 0x000000070c800000, 0x000000070c900000|  0%| F|  |TAMS 0x000000070c800000, 0x000000070c800000| Untracked 
| 171|0x000000070c900000, 0x000000070c900000, 0x000000070ca00000|  0%| F|  |TAMS 0x000000070c900000, 0x000000070c900000| Untracked 
| 172|0x000000070ca00000, 0x000000070ca00000, 0x000000070cb00000|  0%| F|  |TAMS 0x000000070ca00000, 0x000000070ca00000| Untracked 
| 173|0x000000070cb00000, 0x000000070cb00000, 0x000000070cc00000|  0%| F|  |TAMS 0x000000070cb00000, 0x000000070cb00000| Untracked 
| 174|0x000000070cc00000, 0x000000070cc00000, 0x000000070cd00000|  0%| F|  |TAMS 0x000000070cc00000, 0x000000070cc00000| Untracked 
| 175|0x000000070cd00000, 0x000000070cd00000, 0x000000070ce00000|  0%| F|  |TAMS 0x000000070cd00000, 0x000000070cd00000| Untracked 
| 176|0x000000070ce00000, 0x000000070ce00000, 0x000000070cf00000|  0%| F|  |TAMS 0x000000070ce00000, 0x000000070ce00000| Untracked 
| 177|0x000000070cf00000, 0x000000070cf00000, 0x000000070d000000|  0%| F|  |TAMS 0x000000070cf00000, 0x000000070cf00000| Untracked 
| 178|0x000000070d000000, 0x000000070d000000, 0x000000070d100000|  0%| F|  |TAMS 0x000000070d000000, 0x000000070d000000| Untracked 
| 179|0x000000070d100000, 0x000000070d100000, 0x000000070d200000|  0%| F|  |TAMS 0x000000070d100000, 0x000000070d100000| Untracked 
| 180|0x000000070d200000, 0x000000070d200000, 0x000000070d300000|  0%| F|  |TAMS 0x000000070d200000, 0x000000070d200000| Untracked 
| 181|0x000000070d300000, 0x000000070d300000, 0x000000070d400000|  0%| F|  |TAMS 0x000000070d300000, 0x000000070d300000| Untracked 
| 182|0x000000070d400000, 0x000000070d400000, 0x000000070d500000|  0%| F|  |TAMS 0x000000070d400000, 0x000000070d400000| Untracked 
| 183|0x000000070d500000, 0x000000070d500000, 0x000000070d600000|  0%| F|  |TAMS 0x000000070d500000, 0x000000070d500000| Untracked 
| 184|0x000000070d600000, 0x000000070d600000, 0x000000070d700000|  0%| F|  |TAMS 0x000000070d600000, 0x000000070d600000| Untracked 
| 185|0x000000070d700000, 0x000000070d700000, 0x000000070d800000|  0%| F|  |TAMS 0x000000070d700000, 0x000000070d700000| Untracked 
| 186|0x000000070d800000, 0x000000070d800000, 0x000000070d900000|  0%| F|  |TAMS 0x000000070d800000, 0x000000070d800000| Untracked 
| 187|0x000000070d900000, 0x000000070d900000, 0x000000070da00000|  0%| F|  |TAMS 0x000000070d900000, 0x000000070d900000| Untracked 
| 188|0x000000070da00000, 0x000000070da00000, 0x000000070db00000|  0%| F|  |TAMS 0x000000070da00000, 0x000000070da00000| Untracked 
| 189|0x000000070db00000, 0x000000070db00000, 0x000000070dc00000|  0%| F|  |TAMS 0x000000070db00000, 0x000000070db00000| Untracked 
| 190|0x000000070dc00000, 0x000000070dc00000, 0x000000070dd00000|  0%| F|  |TAMS 0x000000070dc00000, 0x000000070dc00000| Untracked 
| 191|0x000000070dd00000, 0x000000070dd00000, 0x000000070de00000|  0%| F|  |TAMS 0x000000070dd00000, 0x000000070dd00000| Untracked 
| 192|0x000000070de00000, 0x000000070de00000, 0x000000070df00000|  0%| F|  |TAMS 0x000000070de00000, 0x000000070de00000| Untracked 
| 193|0x000000070df00000, 0x000000070df00000, 0x000000070e000000|  0%| F|  |TAMS 0x000000070df00000, 0x000000070df00000| Untracked 
| 194|0x000000070e000000, 0x000000070e000000, 0x000000070e100000|  0%| F|  |TAMS 0x000000070e000000, 0x000000070e000000| Untracked 
| 195|0x000000070e100000, 0x000000070e100000, 0x000000070e200000|  0%| F|  |TAMS 0x000000070e100000, 0x000000070e100000| Untracked 
| 196|0x000000070e200000, 0x000000070e200000, 0x000000070e300000|  0%| F|  |TAMS 0x000000070e200000, 0x000000070e200000| Untracked 
| 197|0x000000070e300000, 0x000000070e300000, 0x000000070e400000|  0%| F|  |TAMS 0x000000070e300000, 0x000000070e300000| Untracked 
| 198|0x000000070e400000, 0x000000070e400000, 0x000000070e500000|  0%| F|  |TAMS 0x000000070e400000, 0x000000070e400000| Untracked 
| 199|0x000000070e500000, 0x000000070e500000, 0x000000070e600000|  0%| F|  |TAMS 0x000000070e500000, 0x000000070e500000| Untracked 
| 200|0x000000070e600000, 0x000000070e600000, 0x000000070e700000|  0%| F|  |TAMS 0x000000070e600000, 0x000000070e600000| Untracked 
| 201|0x000000070e700000, 0x000000070e700000, 0x000000070e800000|  0%| F|  |TAMS 0x000000070e700000, 0x000000070e700000| Untracked 
| 202|0x000000070e800000, 0x000000070e800000, 0x000000070e900000|  0%| F|  |TAMS 0x000000070e800000, 0x000000070e800000| Untracked 
| 203|0x000000070e900000, 0x000000070e900000, 0x000000070ea00000|  0%| F|  |TAMS 0x000000070e900000, 0x000000070e900000| Untracked 
| 204|0x000000070ea00000, 0x000000070ea00000, 0x000000070eb00000|  0%| F|  |TAMS 0x000000070ea00000, 0x000000070ea00000| Untracked 
| 205|0x000000070eb00000, 0x000000070eb00000, 0x000000070ec00000|  0%| F|  |TAMS 0x000000070eb00000, 0x000000070eb00000| Untracked 
| 206|0x000000070ec00000, 0x000000070ec00000, 0x000000070ed00000|  0%| F|  |TAMS 0x000000070ec00000, 0x000000070ec00000| Untracked 
| 207|0x000000070ed00000, 0x000000070ed00000, 0x000000070ee00000|  0%| F|  |TAMS 0x000000070ed00000, 0x000000070ed00000| Untracked 
| 208|0x000000070ee00000, 0x000000070ee00000, 0x000000070ef00000|  0%| F|  |TAMS 0x000000070ee00000, 0x000000070ee00000| Untracked 
| 209|0x000000070ef00000, 0x000000070ef00000, 0x000000070f000000|  0%| F|  |TAMS 0x000000070ef00000, 0x000000070ef00000| Untracked 
| 210|0x000000070f000000, 0x000000070f000000, 0x000000070f100000|  0%| F|  |TAMS 0x000000070f000000, 0x000000070f000000| Untracked 
| 211|0x000000070f100000, 0x000000070f100000, 0x000000070f200000|  0%| F|  |TAMS 0x000000070f100000, 0x000000070f100000| Untracked 
| 212|0x000000070f200000, 0x000000070f200000, 0x000000070f300000|  0%| F|  |TAMS 0x000000070f200000, 0x000000070f200000| Untracked 
| 213|0x000000070f300000, 0x000000070f300000, 0x000000070f400000|  0%| F|  |TAMS 0x000000070f300000, 0x000000070f300000| Untracked 
| 214|0x000000070f400000, 0x000000070f400000, 0x000000070f500000|  0%| F|  |TAMS 0x000000070f400000, 0x000000070f400000| Untracked 
| 215|0x000000070f500000, 0x000000070f500000, 0x000000070f600000|  0%| F|  |TAMS 0x000000070f500000, 0x000000070f500000| Untracked 
| 216|0x000000070f600000, 0x000000070f600000, 0x000000070f700000|  0%| F|  |TAMS 0x000000070f600000, 0x000000070f600000| Untracked 
| 217|0x000000070f700000, 0x000000070f700000, 0x000000070f800000|  0%| F|  |TAMS 0x000000070f700000, 0x000000070f700000| Untracked 
| 218|0x000000070f800000, 0x000000070f800000, 0x000000070f900000|  0%| F|  |TAMS 0x000000070f800000, 0x000000070f800000| Untracked 
| 219|0x000000070f900000, 0x000000070f900000, 0x000000070fa00000|  0%| F|  |TAMS 0x000000070f900000, 0x000000070f900000| Untracked 
| 220|0x000000070fa00000, 0x000000070fa00000, 0x000000070fb00000|  0%| F|  |TAMS 0x000000070fa00000, 0x000000070fa00000| Untracked 
| 221|0x000000070fb00000, 0x000000070fb00000, 0x000000070fc00000|  0%| F|  |TAMS 0x000000070fb00000, 0x000000070fb00000| Untracked 
| 222|0x000000070fc00000, 0x000000070fc00000, 0x000000070fd00000|  0%| F|  |TAMS 0x000000070fc00000, 0x000000070fc00000| Untracked 
| 223|0x000000070fd00000, 0x000000070fd00000, 0x000000070fe00000|  0%| F|  |TAMS 0x000000070fd00000, 0x000000070fd00000| Untracked 
| 224|0x000000070fe00000, 0x000000070fe00000, 0x000000070ff00000|  0%| F|  |TAMS 0x000000070fe00000, 0x000000070fe00000| Untracked 
| 225|0x000000070ff00000, 0x000000070ff00000, 0x0000000710000000|  0%| F|  |TAMS 0x000000070ff00000, 0x000000070ff00000| Untracked 
| 226|0x0000000710000000, 0x0000000710000000, 0x0000000710100000|  0%| F|  |TAMS 0x0000000710000000, 0x0000000710000000| Untracked 
| 227|0x0000000710100000, 0x0000000710100000, 0x0000000710200000|  0%| F|  |TAMS 0x0000000710100000, 0x0000000710100000| Untracked 
| 228|0x0000000710200000, 0x0000000710200000, 0x0000000710300000|  0%| F|  |TAMS 0x0000000710200000, 0x0000000710200000| Untracked 
| 229|0x0000000710300000, 0x0000000710300000, 0x0000000710400000|  0%| F|  |TAMS 0x0000000710300000, 0x0000000710300000| Untracked 
| 230|0x0000000710400000, 0x0000000710400000, 0x0000000710500000|  0%| F|  |TAMS 0x0000000710400000, 0x0000000710400000| Untracked 
| 231|0x0000000710500000, 0x0000000710500000, 0x0000000710600000|  0%| F|  |TAMS 0x0000000710500000, 0x0000000710500000| Untracked 
| 232|0x0000000710600000, 0x0000000710600000, 0x0000000710700000|  0%| F|  |TAMS 0x0000000710600000, 0x0000000710600000| Untracked 
| 233|0x0000000710700000, 0x0000000710700000, 0x0000000710800000|  0%| F|  |TAMS 0x0000000710700000, 0x0000000710700000| Untracked 
| 234|0x0000000710800000, 0x0000000710800000, 0x0000000710900000|  0%| F|  |TAMS 0x0000000710800000, 0x0000000710800000| Untracked 
| 235|0x0000000710900000, 0x0000000710900000, 0x0000000710a00000|  0%| F|  |TAMS 0x0000000710900000, 0x0000000710900000| Untracked 
| 236|0x0000000710a00000, 0x0000000710a00000, 0x0000000710b00000|  0%| F|  |TAMS 0x0000000710a00000, 0x0000000710a00000| Untracked 
| 237|0x0000000710b00000, 0x0000000710b00000, 0x0000000710c00000|  0%| F|  |TAMS 0x0000000710b00000, 0x0000000710b00000| Untracked 
| 238|0x0000000710c00000, 0x0000000710c8d1d0, 0x0000000710d00000| 55%| S|CS|TAMS 0x0000000710c00000, 0x0000000710c00000| Complete 
| 239|0x0000000710d00000, 0x0000000710e00000, 0x0000000710e00000|100%| S|CS|TAMS 0x0000000710d00000, 0x0000000710d00000| Complete 
| 240|0x0000000710e00000, 0x0000000710f00000, 0x0000000710f00000|100%| S|CS|TAMS 0x0000000710e00000, 0x0000000710e00000| Complete 
| 241|0x0000000710f00000, 0x0000000710f00000, 0x0000000711000000|  0%| F|  |TAMS 0x0000000710f00000, 0x0000000710f00000| Untracked 
| 242|0x0000000711000000, 0x0000000711000000, 0x0000000711100000|  0%| F|  |TAMS 0x0000000711000000, 0x0000000711000000| Untracked 
| 243|0x0000000711100000, 0x00000007111c0888, 0x0000000711200000| 75%| E|  |TAMS 0x0000000711100000, 0x0000000711100000| Complete 
| 244|0x0000000711200000, 0x0000000711300000, 0x0000000711300000|100%| E|CS|TAMS 0x0000000711200000, 0x0000000711200000| Complete 
| 245|0x0000000711300000, 0x0000000711400000, 0x0000000711400000|100%| E|CS|TAMS 0x0000000711300000, 0x0000000711300000| Complete 
| 246|0x0000000711400000, 0x0000000711500000, 0x0000000711500000|100%| E|CS|TAMS 0x0000000711400000, 0x0000000711400000| Complete 
| 247|0x0000000711500000, 0x0000000711600000, 0x0000000711600000|100%| E|CS|TAMS 0x0000000711500000, 0x0000000711500000| Complete 
| 248|0x0000000711600000, 0x0000000711700000, 0x0000000711700000|100%| E|CS|TAMS 0x0000000711600000, 0x0000000711600000| Complete 
| 249|0x0000000711700000, 0x0000000711800000, 0x0000000711800000|100%| E|CS|TAMS 0x0000000711700000, 0x0000000711700000| Complete 
| 250|0x0000000711800000, 0x0000000711900000, 0x0000000711900000|100%| E|CS|TAMS 0x0000000711800000, 0x0000000711800000| Complete 
| 251|0x0000000711900000, 0x0000000711a00000, 0x0000000711a00000|100%| E|CS|TAMS 0x0000000711900000, 0x0000000711900000| Complete 
| 252|0x0000000711a00000, 0x0000000711b00000, 0x0000000711b00000|100%| E|CS|TAMS 0x0000000711a00000, 0x0000000711a00000| Complete 
| 253|0x0000000711b00000, 0x0000000711c00000, 0x0000000711c00000|100%| E|CS|TAMS 0x0000000711b00000, 0x0000000711b00000| Complete 
| 254|0x0000000711c00000, 0x0000000711d00000, 0x0000000711d00000|100%| E|CS|TAMS 0x0000000711c00000, 0x0000000711c00000| Complete 
| 255|0x0000000711d00000, 0x0000000711e00000, 0x0000000711e00000|100%| E|CS|TAMS 0x0000000711d00000, 0x0000000711d00000| Complete 

Card table byte_map: [0x0000021ca0020000,0x0000021ca0820000] _byte_map_base: 0x0000021c9c811000

Marking Bits (Prev, Next): (CMBitMap*) 0x0000021c865dc440, (CMBitMap*) 0x0000021c865dc408
 Prev Bits: [0x0000021ca4fb0000, 0x0000021ca8f38000)
 Next Bits: [0x0000021ca1020000, 0x0000021ca4fa8000)

Polling page: 0x0000021c86430000

Metaspace:

Usage:
  Non-class:     21.08 MB capacity,    20.65 MB ( 98%) used,   370.31 KB (  2%) free+waste,    74.25 KB ( <1%) overhead. 
      Class:      2.82 MB capacity,     2.54 MB ( 90%) used,   247.23 KB (  9%) free+waste,    35.50 KB (  1%) overhead. 
       Both:     23.90 MB capacity,    23.19 MB ( 97%) used,   617.55 KB (  3%) free+waste,   109.75 KB ( <1%) overhead. 

Virtual space:
  Non-class space:       22.00 MB reserved,      21.17 MB ( 96%) committed 
      Class space:        1.00 GB reserved,       2.88 MB ( <1%) committed 
             Both:        1.02 GB reserved,      24.05 MB (  2%) committed 

Chunk freelists:
   Non-Class:  3.13 KB
       Class:  3.25 KB
        Both:  6.38 KB

CodeHeap 'non-profiled nmethods': size=120064Kb used=646Kb max_used=646Kb free=119417Kb
 bounds [0x0000021c97cc0000, 0x0000021c97f30000, 0x0000021c9f200000]
CodeHeap 'profiled nmethods': size=120000Kb used=3908Kb max_used=3908Kb free=116091Kb
 bounds [0x0000021c90790000, 0x0000021c90b70000, 0x0000021c97cc0000]
CodeHeap 'non-nmethods': size=5696Kb used=1246Kb max_used=1264Kb free=4449Kb
 bounds [0x0000021c90200000, 0x0000021c90470000, 0x0000021c90790000]
 total_blobs=2400 nmethods=1906 adapters=413
 compilation: enabled
              stopped_count=0, restarted_count=0
 full_count=0

Compilation events (10 events):
Event: 8.879 Thread 0x0000021cabf36000 1902       1       com.google.common.collect.ImmutableEntry::getValue (5 bytes)
Event: 8.879 Thread 0x0000021cabf36000 nmethod 1902 0x0000021c97d61710 code [0x0000021c97d618a0, 0x0000021c97d61958]
Event: 2669.968 Thread 0x0000021cabf36000 1903       3       java.lang.System::lineSeparator (4 bytes)
Event: 2669.968 Thread 0x0000021cabf36000 nmethod 1903 0x0000021c90b5fd10 code [0x0000021c90b5fea0, 0x0000021c90b5ff98]
Event: 2669.968 Thread 0x0000021cabf36000 1904       3       java.io.BufferedWriter::newLine (8 bytes)
Event: 2669.968 Thread 0x0000021cabf36000 nmethod 1904 0x0000021c90b60010 code [0x0000021c90b601e0, 0x0000021c90b605a8]
Event: 6604.598 Thread 0x0000021cabf36000 1905   !   3       jdk.internal.ref.PhantomCleanable::isListEmpty (34 bytes)
Event: 6604.599 Thread 0x0000021cabf36000 nmethod 1905 0x0000021c90b60790 code [0x0000021c90b60940, 0x0000021c90b60c78]
Event: 6604.599 Thread 0x0000021cabf36000 1906       3       jdk.internal.misc.InnocuousThread::eraseThreadLocals (23 bytes)
Event: 6604.599 Thread 0x0000021cabf36000 nmethod 1906 0x0000021c90b60d90 code [0x0000021c90b60f40, 0x0000021c90b61138]

GC Heap History (6 events):
Event: 1.958 GC heap before
{Heap before GC invocations=0 (full 0):
 garbage-first heap   total 262144K, used 13312K [0x0000000701e00000, 0x0000000800000000)
  region size 1024K, 14 young (14336K), 0 survivors (0K)
 Metaspace       used 13075K, capacity 13324K, committed 13440K, reserved 1060864K
  class space    used 1278K, capacity 1377K, committed 1408K, reserved 1048576K
}
Event: 1.965 GC heap after
{Heap after GC invocations=1 (full 0):
 garbage-first heap   total 262144K, used 3141K [0x0000000701e00000, 0x0000000800000000)
  region size 1024K, 2 young (2048K), 2 survivors (2048K)
 Metaspace       used 13075K, capacity 13324K, committed 13440K, reserved 1060864K
  class space    used 1278K, capacity 1377K, committed 1408K, reserved 1048576K
}
Event: 2.537 GC heap before
{Heap before GC invocations=1 (full 0):
 garbage-first heap   total 262144K, used 14405K [0x0000000701e00000, 0x0000000800000000)
  region size 1024K, 13 young (13312K), 2 survivors (2048K)
 Metaspace       used 17501K, capacity 17857K, committed 18176K, reserved 1064960K
  class space    used 1808K, capacity 1975K, committed 2048K, reserved 1048576K
}
Event: 2.545 GC heap after
{Heap after GC invocations=2 (full 0):
 garbage-first heap   total 262144K, used 4587K [0x0000000701e00000, 0x0000000800000000)
  region size 1024K, 2 young (2048K), 2 survivors (2048K)
 Metaspace       used 17501K, capacity 17857K, committed 18176K, reserved 1064960K
  class space    used 1808K, capacity 1975K, committed 2048K, reserved 1048576K
}
Event: 3.763 GC heap before
{Heap before GC invocations=2 (full 0):
 garbage-first heap   total 262144K, used 16875K [0x0000000701e00000, 0x0000000800000000)
  region size 1024K, 15 young (15360K), 2 survivors (2048K)
 Metaspace       used 20604K, capacity 21130K, committed 21296K, reserved 1069056K
  class space    used 2207K, capacity 2432K, committed 2432K, reserved 1048576K
}
Event: 3.769 GC heap after
{Heap after GC invocations=3 (full 0):
 garbage-first heap   total 262144K, used 5787K [0x0000000701e00000, 0x0000000800000000)
  region size 1024K, 3 young (3072K), 3 survivors (3072K)
 Metaspace       used 20604K, capacity 21130K, committed 21296K, reserved 1069056K
  class space    used 2207K, capacity 2432K, committed 2432K, reserved 1048576K
}

Deoptimization events (10 events):
Event: 2.860 Thread 0x0000021c8657c000 Uncommon trap: reason=unstable_if action=reinterpret pc=0x0000021c97d15698 method=java.lang.String.replace(CC)Ljava/lang/String; @ 2 c2
Event: 2.890 Thread 0x0000021cad2cd000 Uncommon trap: reason=unstable_if action=reinterpret pc=0x0000021c97d1d278 method=java.lang.CharacterDataLatin1.digit(II)I @ 12 c2
Event: 3.418 Thread 0x0000021cad2cd000 Uncommon trap: reason=unstable_if action=reinterpret pc=0x0000021c97d1cee0 method=java.lang.CharacterDataLatin1.digit(II)I @ 12 c2
Event: 3.643 Thread 0x0000021c8657c000 Uncommon trap: reason=unstable_if action=reinterpret pc=0x0000021c97d11ea0 method=jdk.internal.org.objectweb.asm.Type.getArgumentsAndReturnSizes(Ljava/lang/String;)I @ 41 c2
Event: 3.843 Thread 0x0000021c8657c000 Uncommon trap: reason=unstable_if action=reinterpret pc=0x0000021c97d43910 method=java.util.regex.Pattern$BmpCharProperty.match(Ljava/util/regex/Matcher;ILjava/lang/CharSequence;)Z @ 5 c2
Event: 4.024 Thread 0x0000021cabee5000 Uncommon trap: reason=unstable_if action=reinterpret pc=0x0000021c97d2fef0 method=java.util.concurrent.ConcurrentHashMap.putVal(Ljava/lang/Object;Ljava/lang/Object;Z)Ljava/lang/Object; @ 256 c2
Event: 5.705 Thread 0x0000021c8657c000 Uncommon trap: reason=class_check action=maybe_recompile pc=0x0000021c97d4e6b0 method=org.openqa.selenium.json.Input.init()V @ 18 c2
Event: 5.705 Thread 0x0000021c8657c000 Uncommon trap: reason=class_check action=maybe_recompile pc=0x0000021c97d4e6b0 method=org.openqa.selenium.json.Input.init()V @ 18 c2
Event: 5.705 Thread 0x0000021c8657c000 Uncommon trap: reason=class_check action=maybe_recompile pc=0x0000021c97d4e6b0 method=org.openqa.selenium.json.Input.init()V @ 18 c2
Event: 5.705 Thread 0x0000021c8657c000 Uncommon trap: reason=class_check action=maybe_recompile pc=0x0000021c97d4e6b0 method=org.openqa.selenium.json.Input.init()V @ 18 c2

Classes redefined (5 events):
Event: 97.727 Thread 0x0000021cabe52800 redefined class name=handsonexercise.ProgressBar, count=1
Event: 13910.918 Thread 0x0000021cabe52800 redefined class name=handsonexercise.ProgressBar, count=2
Event: 13967.541 Thread 0x0000021cabe52800 redefined class name=handsonexercise.ProgressBar, count=3
Event: 14594.771 Thread 0x0000021cabe52800 redefined class name=handsonexercise.ProgressBar, count=4
Event: 14712.604 Thread 0x0000021cabe52800 redefined class name=handsonexercise.ProgressBar, count=5

Internal exceptions (10 events):
Event: 3.644 Thread 0x0000021c8657c000 Exception <a 'java/lang/NoSuchMethodError'{0x00000007114bf010}: java.lang.invoke.DirectMethodHandle$Holder.invokeVirtual(Ljava/lang/Object;Ljava/lang/Object;)F> (0x00000007114bf010) thrown at [./open/src/hotspot/share/interpreter/linkResolver.cpp, line 77
Event: 3.646 Thread 0x0000021c8657c000 Exception <a 'java/lang/NoSuchMethodError'{0x00000007114c7488}: java.lang.invoke.DirectMethodHandle$Holder.invokeVirtual(Ljava/lang/Object;Ljava/lang/Object;)J> (0x00000007114c7488) thrown at [./open/src/hotspot/share/interpreter/linkResolver.cpp, line 77
Event: 3.714 Thread 0x0000021c8657c000 Exception <a 'java/lang/NoSuchMethodError'{0x00000007110232d8}: java.lang.invoke.DirectMethodHandle$Holder.invokeSpecial(Ljava/lang/Object;Ljava/lang/Object;Ljava/lang/Object;Ljava/lang/Object;Ljava/lang/Object;)V> (0x00000007110232d8) thrown at [./open/s
Event: 5.714 Thread 0x0000021c8657c000 Exception <a 'java/lang/NoSuchMethodError'{0x000000071154a428}: java.lang.invoke.DirectMethodHandle$Holder.invokeSpecialIFC(Ljava/lang/Object;Ljava/lang/Object;Ljava/lang/Object;)Ljava/lang/Object;> (0x000000071154a428) thrown at [./open/src/hotspot/share
Event: 5.780 Thread 0x0000021c8657c000 Exception <a 'java/lang/ClassNotFoundException'{0x000000071142f6a0}: sun/util/logging/resources/spi/loggingProvider> (0x000000071142f6a0) thrown at [./open/src/hotspot/share/classfile/systemDictionary.cpp, line 228]
Event: 5.853 Thread 0x0000021c8657c000 Exception <a 'java/net/SocketTimeoutException'{0x0000000711324af8}: Read timed out> (0x0000000711324af8) thrown at [./open/src/hotspot/share/prims/jni.cpp, line 632]
Event: 5.993 Thread 0x0000021c8657c000 Exception <a 'java/net/SocketTimeoutException'{0x0000000711340a40}: Read timed out> (0x0000000711340a40) thrown at [./open/src/hotspot/share/prims/jni.cpp, line 632]
Event: 6.023 Thread 0x0000021c8657c000 Exception <a 'java/net/SocketTimeoutException'{0x0000000711374e70}: Read timed out> (0x0000000711374e70) thrown at [./open/src/hotspot/share/prims/jni.cpp, line 632]
Event: 8.755 Thread 0x0000021c8657c000 Exception <a 'java/net/SocketTimeoutException'{0x00000007112a9488}: Read timed out> (0x00000007112a9488) thrown at [./open/src/hotspot/share/prims/jni.cpp, line 632]
Event: 8.787 Thread 0x0000021c8657c000 Exception <a 'java/net/SocketTimeoutException'{0x00000007112c63c0}: Read timed out> (0x00000007112c63c0) thrown at [./open/src/hotspot/share/prims/jni.cpp, line 632]

Events (10 events):
Event: 14649.206 Executing VM operation: GetOwnedMonitorInfo done
Event: 14649.222 Executing VM operation: GetCurrentContendedMonitor
Event: 14649.222 Executing VM operation: GetCurrentContendedMonitor done
Event: 14649.222 Executing VM operation: GetOwnedMonitorInfo
Event: 14649.222 Executing VM operation: GetOwnedMonitorInfo done
Event: 14653.936 Executing VM operation: GetCurrentContendedMonitor
Event: 14653.936 Executing VM operation: GetCurrentContendedMonitor done
Event: 14653.937 Executing VM operation: GetOwnedMonitorInfo
Event: 14653.937 Executing VM operation: GetOwnedMonitorInfo done
Event: 14712.592 Executing VM operation: RedefineClasses


Dynamic libraries:
0x00007ff6fb570000 - 0x00007ff6fb57f000 	C:\Program Files\Java\jdk-11.0.12\bin\javaw.exe
0x00007ffbdfaf0000 - 0x00007ffbdfce5000 	C:\WINDOWS\SYSTEM32\ntdll.dll
0x00007ffbdec20000 - 0x00007ffbdecde000 	C:\WINDOWS\System32\KERNEL32.DLL
0x00007ffbdd870000 - 0x00007ffbddb38000 	C:\WINDOWS\System32\KERNELBASE.dll
0x00007ffbdd260000 - 0x00007ffbdd360000 	C:\WINDOWS\System32\ucrtbase.dll
0x00007ffbd04d0000 - 0x00007ffbd04e8000 	C:\Program Files\Java\jdk-11.0.12\bin\jli.dll
0x00007ffbdf670000 - 0x00007ffbdf71c000 	C:\WINDOWS\System32\ADVAPI32.dll
0x00007ffbdf420000 - 0x00007ffbdf4be000 	C:\WINDOWS\System32\msvcrt.dll
0x00007ffbddcf0000 - 0x00007ffbddd8b000 	C:\WINDOWS\System32\sechost.dll
0x00007ffbde330000 - 0x00007ffbde45a000 	C:\WINDOWS\System32\RPCRT4.dll
0x00007ffbdf810000 - 0x00007ffbdf9b1000 	C:\WINDOWS\System32\USER32.dll
0x00007ffbdd3c0000 - 0x00007ffbdd3e2000 	C:\WINDOWS\System32\win32u.dll
0x00007ffbdeb40000 - 0x00007ffbdeb6b000 	C:\WINDOWS\System32\GDI32.dll
0x00007ffbdd760000 - 0x00007ffbdd86b000 	C:\WINDOWS\System32\gdi32full.dll
0x00007ffbdd690000 - 0x00007ffbdd72d000 	C:\WINDOWS\System32\msvcp_win.dll
0x00007ffbd04b0000 - 0x00007ffbd04c5000 	C:\Program Files\Java\jdk-11.0.12\bin\VCRUNTIME140.dll
0x00007ffbdc720000 - 0x00007ffbdc9ba000 	C:\WINDOWS\WinSxS\amd64_microsoft.windows.common-controls_6595b64144ccf1df_6.0.19041.1110_none_60b5254171f9507e\COMCTL32.dll
0x00007ffbd9380000 - 0x00007ffbd938a000 	C:\WINDOWS\SYSTEM32\VERSION.dll
0x00007ffbddd90000 - 0x00007ffbdddc0000 	C:\WINDOWS\System32\IMM32.DLL
0x00007ffb83fb0000 - 0x00007ffb8404b000 	C:\Program Files\Java\jdk-11.0.12\bin\msvcp140.dll
0x00007ffb47090000 - 0x00007ffb47b8f000 	C:\Program Files\Java\jdk-11.0.12\bin\server\jvm.dll
0x00007ffbde1f0000 - 0x00007ffbde1f8000 	C:\WINDOWS\System32\PSAPI.DLL
0x00007ffbce360000 - 0x00007ffbce369000 	C:\WINDOWS\SYSTEM32\WSOCK32.dll
0x00007ffbd0080000 - 0x00007ffbd00a7000 	C:\WINDOWS\SYSTEM32\WINMM.dll
0x00007ffbdfa40000 - 0x00007ffbdfaab000 	C:\WINDOWS\System32\WS2_32.dll
0x00007ffbda380000 - 0x00007ffbda392000 	C:\WINDOWS\SYSTEM32\kernel.appcore.dll
0x00007ffbd9080000 - 0x00007ffbd9090000 	C:\Program Files\Java\jdk-11.0.12\bin\verify.dll
0x00007ffbdcc30000 - 0x00007ffbdce14000 	C:\WINDOWS\SYSTEM32\DBGHELP.DLL
0x00007ffbdcb80000 - 0x00007ffbdcbac000 	C:\WINDOWS\SYSTEM32\dbgcore.DLL
0x00007ffbdd4a0000 - 0x00007ffbdd523000 	C:\WINDOWS\System32\bcryptPrimitives.dll
0x00007ffbd0300000 - 0x00007ffbd0328000 	C:\Program Files\Java\jdk-11.0.12\bin\java.dll
0x00007ffbd8e70000 - 0x00007ffbd8e7a000 	C:\Program Files\Java\jdk-11.0.12\bin\jimage.dll
0x00007ffb84b80000 - 0x00007ffb84bb8000 	C:\Program Files\Java\jdk-11.0.12\bin\jdwp.dll
0x00007ffbb6a60000 - 0x00007ffbb6a76000 	C:\Program Files\Java\jdk-11.0.12\bin\zip.dll
0x00007ffbdece0000 - 0x00007ffbdf41f000 	C:\WINDOWS\System32\SHELL32.dll
0x00007ffbda4f0000 - 0x00007ffbdac80000 	C:\WINDOWS\SYSTEM32\windows.storage.dll
0x00007ffbdde20000 - 0x00007ffbde175000 	C:\WINDOWS\System32\combase.dll
0x00007ffbdc570000 - 0x00007ffbdc59e000 	C:\WINDOWS\SYSTEM32\Wldp.dll
0x00007ffbdeb70000 - 0x00007ffbdec1d000 	C:\WINDOWS\System32\SHCORE.dll
0x00007ffbde460000 - 0x00007ffbde4b5000 	C:\WINDOWS\System32\shlwapi.dll
0x00007ffbdd150000 - 0x00007ffbdd16f000 	C:\WINDOWS\SYSTEM32\profapi.dll
0x00007ffbd7280000 - 0x00007ffbd728a000 	C:\Program Files\Java\jdk-11.0.12\bin\dt_socket.dll
0x00007ffbdc2f0000 - 0x00007ffbdc35a000 	C:\WINDOWS\System32\mswsock.dll
0x00007ffbdc060000 - 0x00007ffbdc12b000 	C:\WINDOWS\SYSTEM32\DNSAPI.dll
0x00007ffbdbfc0000 - 0x00007ffbdbffb000 	C:\WINDOWS\SYSTEM32\IPHLPAPI.DLL
0x00007ffbdf5b0000 - 0x00007ffbdf5b8000 	C:\WINDOWS\System32\NSI.dll
0x00007ffbd5cf0000 - 0x00007ffbd5d6f000 	C:\WINDOWS\System32\fwpuclnt.dll
0x00007ffbdd730000 - 0x00007ffbdd757000 	C:\WINDOWS\System32\bcrypt.dll
0x00007ffbcc0a0000 - 0x00007ffbcc0aa000 	C:\Windows\System32\rasadhlp.dll
0x00007ffbae0d0000 - 0x00007ffbae0e9000 	C:\Program Files\Java\jdk-11.0.12\bin\net.dll
0x00007ffbcdb30000 - 0x00007ffbcdc3c000 	C:\WINDOWS\SYSTEM32\WINHTTP.dll
0x00007ffbacc40000 - 0x00007ffbacc52000 	C:\Program Files\Java\jdk-11.0.12\bin\nio.dll
0x00007ffbdcf90000 - 0x00007ffbdcfa8000 	C:\WINDOWS\SYSTEM32\CRYPTSP.dll
0x00007ffbdbc70000 - 0x00007ffbdbca4000 	C:\WINDOWS\system32\rsaenh.dll
0x00007ffbdd0d0000 - 0x00007ffbdd0fe000 	C:\WINDOWS\SYSTEM32\USERENV.dll
0x00007ffbdc4e0000 - 0x00007ffbdc4ec000 	C:\WINDOWS\SYSTEM32\CRYPTBASE.dll
0x00007ffbd5740000 - 0x00007ffbd5757000 	C:\WINDOWS\SYSTEM32\dhcpcsvc6.DLL
0x00007ffbd5670000 - 0x00007ffbd568d000 	C:\WINDOWS\SYSTEM32\dhcpcsvc.DLL
0x00007ffbd3260000 - 0x00007ffbd326d000 	C:\Program Files\Java\jdk-11.0.12\bin\sunmscapi.dll
0x00007ffbdd530000 - 0x00007ffbdd686000 	C:\WINDOWS\System32\CRYPT32.dll
0x00007ffbdc5e0000 - 0x00007ffbdc607000 	C:\WINDOWS\SYSTEM32\ncrypt.dll
0x00007ffbdc5a0000 - 0x00007ffbdc5db000 	C:\WINDOWS\SYSTEM32\NTASN1.dll
0x00007ffb84250000 - 0x00007ffb84275000 	C:\Program Files\Java\jdk-11.0.12\bin\sunec.dll

dbghelp: loaded successfully - version: 4.0.5 - missing functions: none
symbol engine: initialized successfully - sym options: 0x614 - pdb path: .;C:\Program Files\Java\jdk-11.0.12\bin;C:\WINDOWS\SYSTEM32;C:\WINDOWS\WinSxS\amd64_microsoft.windows.common-controls_6595b64144ccf1df_6.0.19041.1110_none_60b5254171f9507e;C:\Program Files\Java\jdk-11.0.12\bin\server

VM Arguments:
jvm_args: -agentlib:jdwp=transport=dt_socket,suspend=y,address=localhost:65011 -ea -Dfile.encoding=Cp1252 
java_command: org.testng.remote.RemoteTestNG -serport 65010 -protocol json -d C:\Javaworkspace\com.sapient.selenium.training\test-output C:\Users\shaj\AppData\Local\Temp\testng-eclipse-1931684544\testng-customsuite.xml
java_class_path (initial): C:\Users\shaj\Downloads\sts-4.12.1.RELEASE\configuration\org.eclipse.osgi\581\0\.cp\lib\testng-remote.jar;C:\Javaworkspace\com.sapient.selenium.training\target\test-classes;C:\Javaworkspace\com.sapient.selenium.training\target\classes;C:\Users\shaj\Downloads\sts-4.12.1.RELEASE\plugins\org.testng_7.4.0.r202105021533.jar;C:\Users\shaj\Downloads\sts-4.12.1.RELEASE\plugins\com.beust.jcommander_1.78.0.jar;C:\Users\shaj\Downloads\sts-4.12.1.RELEASE\plugins\org.apache-extras.beanshell.bsh_2.0.0.b6.jar;C:\Users\shaj\Downloads\sts-4.12.1.RELEASE\plugins\org.yaml.snakeyaml_1.21.0.jar;C:\Users\shaj\Downloads\sts-4.12.1.RELEASE\plugins\org.webjars.jquery_3.5.1.jar;C:\Users\shaj\.m2\repository\org\testng\testng\7.4.0\testng-7.4.0.jar;C:\Users\shaj\.m2\repository\com\beust\jcommander\1.78\jcommander-1.78.jar;C:\Users\shaj\.m2\repository\org\webjars\jquery\3.5.1\jquery-3.5.1.jar;C:\Users\shaj\.m2\repository\org\seleniumhq\selenium\selenium-server\3.141.59\selenium-server-3.141.59.jar;C:\Users\shaj\.m2\repository\org\seleniumhq\selenium\selenium-java\3.141.59\selenium-java-3.141.59.jar;C:\Users\shaj\.m2\repository\org\seleniumhq\selenium\selenium-api\3.141.59\selenium-api-3.141.59.jar;C:\Users\shaj\.m2\repository\org\seleniumhq\selenium\selenium-chrome-driver\3.141.59\selenium-chrome-driver-3.141.59.jar;C:\Users\shaj\.m2\repository\org\seleniumhq\selenium\selenium-edge-driver\3.141.59\selenium-edge-driver-3.141.59.jar;C:\Users\shaj\.m2\repository\org\seleniumhq\selenium\selenium-firefox-driver\3.141.59\selenium-firefox-driver-3.141.59.jar;C:\Users\shaj\.m2\repository\org\seleniumhq\selenium\selenium-ie-driver\3.141.59\selenium-ie-driver-3.141.59.jar;C:\Users\shaj\.m2\repository\org\seleniumhq\selenium\selenium-opera-driver\3.141.59\selenium-opera-driver-3.141.59.jar;C:\Users\shaj\.m2\repository\org\seleniumhq\selenium\selenium-remote-driver\3.141.59\selenium-remote-driver-3.141.59.jar;C:\Users\shaj\.m2\repository\org\seleniumhq\selenium\selenium-safari-
Launcher Type: SUN_STANDARD

[Global flags]
     intx CICompilerCount                          = 3                                         {product} {ergonomic}
     uint ConcGCThreads                            = 1                                         {product} {ergonomic}
     uint G1ConcRefinementThreads                  = 4                                         {product} {ergonomic}
   size_t G1HeapRegionSize                         = 1048576                                   {product} {ergonomic}
    uintx GCDrainStackTargetSize                   = 64                                        {product} {ergonomic}
   size_t InitialHeapSize                          = 268435456                                 {product} {ergonomic}
   size_t MarkStackSize                            = 4194304                                   {product} {ergonomic}
   size_t MaxHeapSize                              = 4263510016                                {product} {ergonomic}
   size_t MaxNewSize                               = 2557476864                                {product} {ergonomic}
   size_t MinHeapDeltaBytes                        = 1048576                                   {product} {ergonomic}
    uintx NonNMethodCodeHeapSize                   = 5830732                                {pd product} {ergonomic}
    uintx NonProfiledCodeHeapSize                  = 122913754                              {pd product} {ergonomic}
    uintx ProfiledCodeHeapSize                     = 122913754                              {pd product} {ergonomic}
    uintx ReservedCodeCacheSize                    = 251658240                              {pd product} {ergonomic}
     bool SegmentedCodeCache                       = true                                      {product} {ergonomic}
     bool UseCompressedClassPointers               = true                                 {lp64_product} {ergonomic}
     bool UseCompressedOops                        = true                                 {lp64_product} {ergonomic}
     bool UseG1GC                                  = true                                      {product} {ergonomic}
     bool UseLargePagesIndividualAllocation        = false                                  {pd product} {ergonomic}

Logging:
Log output configuration:
 #0: stdout all=warning uptime,level,tags
 #1: stderr all=off uptime,level,tags

Environment Variables:
JAVA_HOME=C:\Program Files\Java\jdk-11.0.12
PATH=C:/Users/shaj/Downloads/sts-4.12.1.RELEASE//plugins/org.eclipse.justj.openjdk.hotspot.jre.full.win32.x86_64_17.0.0.v20211012-1059/jre/bin/server;C:/Users/shaj/Downloads/sts-4.12.1.RELEASE//plugins/org.eclipse.justj.openjdk.hotspot.jre.full.win32.x86_64_17.0.0.v20211012-1059/jre/bin;C:\Program Files\Java\jdk-11.0.12\bin;C:\Program Files\Java\jdk1.8.0_301\bin;C:\Program Files\Common Files\Oracle\Java\javapath;C:\Program Files (x86)\Common Files\Oracle\Java\javapath;C:\Python310\Scripts\;C:\Python310\;C:\WINDOWS\system32;C:\WINDOWS;C:\WINDOWS\System32\Wbem;C:\WINDOWS\System32\WindowsPowerShell\v1.0\;C:\WINDOWS\System32\OpenSSH\;C:\Program Files\nodejs\;C:\ProgramData\chocolatey\bin;C:\Program Files\Git\cmd;C:\Users\shaj\AppData\Local\Microsoft\WindowsApps;C:\Users\shaj\AppData\Roaming\npm;C:\Users\shaj\AppData\Local\Programs\Microsoft VS Code\bin;C:\WINDOWS\system32;
USERNAME=shaj
OS=Windows_NT
PROCESSOR_IDENTIFIER=Intel64 Family 6 Model 78 Stepping 3, GenuineIntel



---------------  S Y S T E M  ---------------

OS: Windows 10 , 64 bit Build 19041 (10.0.19041.1348)

CPU:total 4 (initial active 4) (2 cores per cpu, 2 threads per core) family 6 model 78 stepping 3 microcode 0xcc, cmov, cx8, fxsr, mmx, sse, sse2, sse3, ssse3, sse4.1, sse4.2, popcnt, avx, avx2, aes, clmul, erms, rtm, 3dnowpref, lzcnt, ht, tsc, tscinvbit, bmi1, bmi2, adx, fma

Memory: 4k page, system-wide physical 16263M (7801M free)
TotalPageFile size 21714M (AvailPageFile size 9841M)
current process WorkingSet (physical memory assigned to process): 55M, peak: 97M
current process commit charge ("private bytes"): 361M, peak: 365M

vm_info: Java HotSpot(TM) 64-Bit Server VM (11.0.12+8-LTS-237) for windows-amd64 JRE (11.0.12+8-LTS-237), built on Jun  8 2021 11:25:59 by "mach5one" with MS VC++ 15.9 (VS2017)

END.
